Using pre-set license
Built from '2022.3/staging' branch; Version is '2022.3.6f1 (b9e6e7e9fa2d) revision 12183271'; Using compiler version '192829333'; Build Type 'Release'
OS: 'Windows 11  (10.0.23560) 64bit CoreSingleLanguage' Language: 'en' Physical Memory: 8029 MB
BatchMode: 1, IsHumanControllingUs: 0, StartBugReporterOnCrash: 0, Is64bit: 1, IsPro: 1

COMMAND LINE ARGUMENTS:
C:\Program Files\Unity\Hub\Editor\2022.3.6f1\Editor\Unity.exe
-adb2
-batchMode
-noUpm
-name
AssetImportWorker0
-projectPath
E:/Workplace/Game/Adventure_Of_Nekko
-logFile
Logs/AssetImportWorker0.log
-srvPort
61555
Successfully changed project path to: E:/Workplace/Game/Adventure_Of_Nekko
E:/Workplace/Game/Adventure_Of_Nekko
[UnityMemory] Configuration Parameters - Can be set up in boot.config
    "memorysetup-bucket-allocator-granularity=16"
    "memorysetup-bucket-allocator-bucket-count=8"
    "memorysetup-bucket-allocator-block-size=33554432"
    "memorysetup-bucket-allocator-block-count=8"
    "memorysetup-main-allocator-block-size=16777216"
    "memorysetup-thread-allocator-block-size=16777216"
    "memorysetup-gfx-main-allocator-block-size=16777216"
    "memorysetup-gfx-thread-allocator-block-size=16777216"
    "memorysetup-cache-allocator-block-size=4194304"
    "memorysetup-typetree-allocator-block-size=2097152"
    "memorysetup-profiler-bucket-allocator-granularity=16"
    "memorysetup-profiler-bucket-allocator-bucket-count=8"
    "memorysetup-profiler-bucket-allocator-block-size=33554432"
    "memorysetup-profiler-bucket-allocator-block-count=8"
    "memorysetup-profiler-allocator-block-size=16777216"
    "memorysetup-profiler-editor-allocator-block-size=1048576"
    "memorysetup-temp-allocator-size-main=16777216"
    "memorysetup-job-temp-allocator-block-size=2097152"
    "memorysetup-job-temp-allocator-block-size-background=1048576"
    "memorysetup-job-temp-allocator-reduction-small-platforms=262144"
    "memorysetup-allocator-temp-initial-block-size-main=262144"
    "memorysetup-allocator-temp-initial-block-size-worker=262144"
    "memorysetup-temp-allocator-size-background-worker=32768"
    "memorysetup-temp-allocator-size-job-worker=262144"
    "memorysetup-temp-allocator-size-preload-manager=33554432"
    "memorysetup-temp-allocator-size-nav-mesh-worker=65536"
    "memorysetup-temp-allocator-size-audio-worker=65536"
    "memorysetup-temp-allocator-size-cloud-worker=32768"
    "memorysetup-temp-allocator-size-gi-baking-worker=262144"
    "memorysetup-temp-allocator-size-gfx=262144"
Player connection [19416] Host "[IP] 172.22.112.1 [Port] 0 [Flags] 2 [Guid] 3130424319 [EditorId] 3130424319 [Version] 1048832 [Id] WindowsEditor(7,QUANGHUY) [Debug] 1 [PackageName] WindowsEditor [ProjectName] Editor" joined multi-casting on [225.0.0.222:54997]...

Player connection [19416] Host "[IP] 172.22.112.1 [Port] 0 [Flags] 2 [Guid] 3130424319 [EditorId] 3130424319 [Version] 1048832 [Id] WindowsEditor(7,QUANGHUY) [Debug] 1 [PackageName] WindowsEditor [ProjectName] Editor" joined alternative multi-casting on [225.0.0.222:34997]...

Refreshing native plugins compatible for Editor in 5.56 ms, found 3 plugins.
Preloading 0 native plugins for Editor in 0.00 ms.
Initialize engine version: 2022.3.6f1 (b9e6e7e9fa2d)
[Subsystems] Discovering subsystems at path C:/Program Files/Unity/Hub/Editor/2022.3.6f1/Editor/Data/Resources/UnitySubsystems
[Subsystems] Discovering subsystems at path E:/Workplace/Game/Adventure_Of_Nekko/Assets
GfxDevice: creating device client; threaded=0; jobified=0
Direct3D:
    Version:  Direct3D 11.0 [level 11.1]
    Renderer: NVIDIA GeForce GTX 1650 Ti (ID=0x1f95)
    Vendor:   NVIDIA
    VRAM:     3949 MB
    Driver:   31.0.15.3640
Initialize mono
Mono path[0] = 'C:/Program Files/Unity/Hub/Editor/2022.3.6f1/Editor/Data/Managed'
Mono path[1] = 'C:/Program Files/Unity/Hub/Editor/2022.3.6f1/Editor/Data/MonoBleedingEdge/lib/mono/unityjit-win32'
Mono config path = 'C:/Program Files/Unity/Hub/Editor/2022.3.6f1/Editor/Data/MonoBleedingEdge/etc'
Using monoOptions --debugger-agent=transport=dt_socket,embedding=1,server=y,suspend=n,address=127.0.0.1:56904
Begin MonoManager ReloadAssembly
Registering precompiled unity dll's ...
Register platform support module: C:/Program Files/Unity/Hub/Editor/2022.3.6f1/Editor/Data/PlaybackEngines/WebGLSupport/UnityEditor.WebGL.Extensions.dll
Register platform support module: C:/Program Files/Unity/Hub/Editor/2022.3.6f1/Editor/Data/PlaybackEngines/WindowsStandaloneSupport/UnityEditor.WindowsStandalone.Extensions.dll
Registered in 0.013018 seconds.
- Loaded All Assemblies, in  0.394 seconds
Native extension for WindowsStandalone target not found
Native extension for WebGL target not found
Mono: successfully reloaded assembly
- Finished resetting the current domain, in  0.283 seconds
Domain Reload Profiling: 673ms
	BeginReloadAssembly (114ms)
		ExecutionOrderSort (0ms)
		DisableScriptedObjects (0ms)
		BackupInstance (0ms)
		ReleaseScriptingObjects (0ms)
		CreateAndSetChildDomain (1ms)
	RebuildCommonClasses (37ms)
	RebuildNativeTypeToScriptingClass (11ms)
	initialDomainReloadingComplete (69ms)
	LoadAllAssembliesAndSetupDomain (159ms)
		LoadAssemblies (111ms)
		RebuildTransferFunctionScriptingTraits (0ms)
		AnalyzeDomain (151ms)
			TypeCache.Refresh (150ms)
				TypeCache.ScanAssembly (137ms)
			ScanForSourceGeneratedMonoScriptInfo (0ms)
			ResolveRequiredComponents (0ms)
	FinalizeReload (283ms)
		ReleaseScriptCaches (0ms)
		RebuildScriptCaches (0ms)
		SetupLoadedEditorAssemblies (222ms)
			LogAssemblyErrors (0ms)
			InitializePlatformSupportModulesInManaged (12ms)
			SetLoadedEditorAssemblies (5ms)
			RefreshPlugins (0ms)
			BeforeProcessingInitializeOnLoad (2ms)
			ProcessInitializeOnLoadAttributes (152ms)
			ProcessInitializeOnLoadMethodAttributes (50ms)
			AfterProcessingInitializeOnLoad (0ms)
			EditorAssembliesLoaded (0ms)
		ExecutionOrderSort2 (0ms)
		AwakeInstancesAfterBackupRestoration (0ms)
========================================================================
Worker process is ready to serve import requests
Begin MonoManager ReloadAssembly
Symbol file LoadedFromMemory doesn't match image E:\Workplace\Game\Adventure_Of_Nekko\Library\PackageCache\com.unity.visualscripting@1.8.0\Editor\VisualScripting.Core\Dependencies\YamlDotNet\Unity.VisualScripting.YamlDotNet.dll
Symbol file LoadedFromMemory doesn't match image E:\Workplace\Game\Adventure_Of_Nekko\Library\PackageCache\com.unity.visualscripting@1.8.0\Editor\VisualScripting.Core\Dependencies\DotNetZip\Unity.VisualScripting.IonicZip.dll
- Loaded All Assemblies, in  0.838 seconds
Refreshing native plugins compatible for Editor in 1.84 ms, found 3 plugins.
Native extension for WindowsStandalone target not found
Native extension for WebGL target not found
Mono: successfully reloaded assembly
- Finished resetting the current domain, in  0.519 seconds
Domain Reload Profiling: 1354ms
	BeginReloadAssembly (167ms)
		ExecutionOrderSort (0ms)
		DisableScriptedObjects (6ms)
		BackupInstance (0ms)
		ReleaseScriptingObjects (0ms)
		CreateAndSetChildDomain (20ms)
	RebuildCommonClasses (34ms)
	RebuildNativeTypeToScriptingClass (11ms)
	initialDomainReloadingComplete (45ms)
	LoadAllAssembliesAndSetupDomain (578ms)
		LoadAssemblies (302ms)
		RebuildTransferFunctionScriptingTraits (0ms)
		AnalyzeDomain (358ms)
			TypeCache.Refresh (341ms)
				TypeCache.ScanAssembly (328ms)
			ScanForSourceGeneratedMonoScriptInfo (14ms)
			ResolveRequiredComponents (4ms)
	FinalizeReload (519ms)
		ReleaseScriptCaches (0ms)
		RebuildScriptCaches (0ms)
		SetupLoadedEditorAssemblies (350ms)
			LogAssemblyErrors (0ms)
			InitializePlatformSupportModulesInManaged (8ms)
			SetLoadedEditorAssemblies (4ms)
			RefreshPlugins (0ms)
			BeforeProcessingInitializeOnLoad (62ms)
			ProcessInitializeOnLoadAttributes (240ms)
			ProcessInitializeOnLoadMethodAttributes (24ms)
			AfterProcessingInitializeOnLoad (11ms)
			EditorAssembliesLoaded (0ms)
		ExecutionOrderSort2 (0ms)
		AwakeInstancesAfterBackupRestoration (8ms)
Launched and connected shader compiler UnityShaderCompiler.exe after 0.05 seconds
Refreshing native plugins compatible for Editor in 1.83 ms, found 3 plugins.
Preloading 0 native plugins for Editor in 0.00 ms.
Unloading 3066 Unused Serialized files (Serialized files now loaded: 0)
Unloading 31 unused Assets / (56.8 KB). Loaded Objects now: 3528.
Memory consumption went from 116.3 MB to 116.2 MB.
Total: 3.705300 ms (FindLiveObjects: 0.294100 ms CreateObjectMapping: 0.321400 ms MarkObjects: 2.991600 ms  DeleteObjects: 0.097100 ms)

AssetImportParameters requested are different than current active one (requested -> active):
  custom:container-demuxer-ogg: 62fdf1f143b41e24485cea50d1cbac27 -> 
  custom:video-codec-MediaFoundation-h265: 746d11721c4dcdbdad8f713fa42b33f4 -> 
  custom:video-decoder-ogg-theora: a1e56fd34408186e4bbccfd4996cb3dc -> 
  custom:framework-win-MediaFoundation: 216162199b28c13a410421893ffa2e32 -> 
  custom:container-demuxer-webm: 4f35f7cbe854078d1ac9338744f61a02 -> 
  custom:container-muxer-webm: aa71ff27fc2769a1b78a27578f13a17b -> 
  custom:video-decoder-webm-vp8: 9c59270c3fd7afecdb556c50c9e8de78 -> 
  custom:AudioImporter_EditorPlatform: d09bf68614088b80899f8185d706f6e7 -> 
  custom:video-encoder-webm-vp8: eb34c28f22e8b96e1ab97ce403110664 -> 
  custom:audio-decoder-ogg-vorbis: bf7c407c2cedff20999df2af8eb42d56 -> 
  custom:audio-encoder-webm-vorbis: bf7c407c2cedff20999df2af8eb42d56 -> 
========================================================================
Received Import Request.
  Time since last request: 75742.297832 seconds.
  path: Assets/Scenes/SampleScene.unity
  artifactKey: Guid(9fc0d4010bbf28b4594072e72b8655ab) Importer(2089858483,0ecaa5967403d082aa24f35e1b516d23)
Start importing Assets/Scenes/SampleScene.unity using Guid(9fc0d4010bbf28b4594072e72b8655ab) Importer(2089858483,0ecaa5967403d082aa24f35e1b516d23) Generated GUIDs only implemented for interfaces!
 -> (artifact id: 'ca3ff9e2758be49d47b2e8c67f278bbb') in 0.085441 seconds
Number of updated asset objects reloaded before import = 0
Number of asset objects unloaded after import = 1
========================================================================
Received Prepare
Begin MonoManager ReloadAssembly
Symbol file LoadedFromMemory doesn't match image E:\Workplace\Game\Adventure_Of_Nekko\Library\PackageCache\com.unity.visualscripting@1.8.0\Editor\VisualScripting.Core\Dependencies\YamlDotNet\Unity.VisualScripting.YamlDotNet.dll
Symbol file LoadedFromMemory doesn't match image E:\Workplace\Game\Adventure_Of_Nekko\Library\PackageCache\com.unity.visualscripting@1.8.0\Editor\VisualScripting.Core\Dependencies\DotNetZip\Unity.VisualScripting.IonicZip.dll
- Loaded All Assemblies, in  2.465 seconds
Refreshing native plugins compatible for Editor in 3.44 ms, found 3 plugins.
Native extension for WindowsStandalone target not found
Native extension for WebGL target not found
Mono: successfully reloaded assembly
- Finished resetting the current domain, in  1.714 seconds
Domain Reload Profiling: 4173ms
	BeginReloadAssembly (968ms)
		ExecutionOrderSort (0ms)
		DisableScriptedObjects (41ms)
		BackupInstance (0ms)
		ReleaseScriptingObjects (0ms)
		CreateAndSetChildDomain (208ms)
	RebuildCommonClasses (61ms)
	RebuildNativeTypeToScriptingClass (14ms)
	initialDomainReloadingComplete (64ms)
	LoadAllAssembliesAndSetupDomain (1351ms)
		LoadAssemblies (991ms)
		RebuildTransferFunctionScriptingTraits (0ms)
		AnalyzeDomain (852ms)
			TypeCache.Refresh (842ms)
				TypeCache.ScanAssembly (810ms)
			ScanForSourceGeneratedMonoScriptInfo (3ms)
			ResolveRequiredComponents (6ms)
	FinalizeReload (1715ms)
		ReleaseScriptCaches (0ms)
		RebuildScriptCaches (0ms)
		SetupLoadedEditorAssemblies (421ms)
			LogAssemblyErrors (0ms)
			InitializePlatformSupportModulesInManaged (10ms)
			SetLoadedEditorAssemblies (5ms)
			RefreshPlugins (0ms)
			BeforeProcessingInitializeOnLoad (83ms)
			ProcessInitializeOnLoadAttributes (288ms)
			ProcessInitializeOnLoadMethodAttributes (22ms)
			AfterProcessingInitializeOnLoad (13ms)
			EditorAssembliesLoaded (0ms)
		ExecutionOrderSort2 (0ms)
		AwakeInstancesAfterBackupRestoration (10ms)
Refreshing native plugins compatible for Editor in 3.92 ms, found 3 plugins.
Preloading 0 native plugins for Editor in 0.00 ms.
Unloading 3061 Unused Serialized files (Serialized files now loaded: 0)
Unloading 24 unused Assets / (510.6 KB). Loaded Objects now: 3532.
Memory consumption went from 116.2 MB to 115.8 MB.
Total: 8.291100 ms (FindLiveObjects: 0.672300 ms CreateObjectMapping: 0.762400 ms MarkObjects: 6.281900 ms  DeleteObjects: 0.571700 ms)

Prepare: number of updated asset objects reloaded= 0
AssetImportParameters requested are different than current active one (requested -> active):
  custom:container-demuxer-ogg: 62fdf1f143b41e24485cea50d1cbac27 -> 
  custom:video-codec-MediaFoundation-h265: 746d11721c4dcdbdad8f713fa42b33f4 -> 
  custom:video-decoder-ogg-theora: a1e56fd34408186e4bbccfd4996cb3dc -> 
  custom:framework-win-MediaFoundation: 216162199b28c13a410421893ffa2e32 -> 
  custom:CustomObjectIndexerAttribute: 756ad292c208cfabdd7b50bc23989ffe -> 
  custom:container-demuxer-webm: 4f35f7cbe854078d1ac9338744f61a02 -> 
  custom:container-muxer-webm: aa71ff27fc2769a1b78a27578f13a17b -> 
  custom:video-decoder-webm-vp8: 9c59270c3fd7afecdb556c50c9e8de78 -> 
  custom:SearchIndexIgnoredProperties: e643bd26f0fe6173181afceb89e7c659 -> 
  custom:AudioImporter_EditorPlatform: d09bf68614088b80899f8185d706f6e7 -> 
  custom:video-encoder-webm-vp8: eb34c28f22e8b96e1ab97ce403110664 -> 
  custom:audio-decoder-ogg-vorbis: bf7c407c2cedff20999df2af8eb42d56 -> 
  custom:audio-encoder-webm-vorbis: bf7c407c2cedff20999df2af8eb42d56 -> 
========================================================================
Received Import Request.
  Time since last request: 1721.473170 seconds.
  path: Assets/Aquarius_Stylized_Trees
  artifactKey: Guid(f28988ec8b52a304793a1eb512958983) Importer(815301076,1909f56bfc062723c751e8b465ee728b)
Start importing Assets/Aquarius_Stylized_Trees using Guid(f28988ec8b52a304793a1eb512958983) Importer(815301076,1909f56bfc062723c751e8b465ee728b)  -> (artifact id: 'f9db6f190127e25eb13d8848a709d0f7') in 0.009119 seconds
Number of updated asset objects reloaded before import = 0
Number of asset objects unloaded after import = 0
========================================================================
Received Import Request.
  Time since last request: 1.713373 seconds.
  path: Assets/Scenes/SampleScene.unity
  artifactKey: Guid(9fc0d4010bbf28b4594072e72b8655ab) Importer(815301076,1909f56bfc062723c751e8b465ee728b)
Start importing Assets/Scenes/SampleScene.unity using Guid(9fc0d4010bbf28b4594072e72b8655ab) Importer(815301076,1909f56bfc062723c751e8b465ee728b)  -> (artifact id: 'a85bec50c8be757587fedfaade313866') in 0.000996 seconds
Number of updated asset objects reloaded before import = 0
Number of asset objects unloaded after import = 0
========================================================================
Received Import Request.
  Time since last request: 2.612535 seconds.
  path: Assets/Aquarius_Stylized_Trees/Demo
  artifactKey: Guid(a564ef2d44fc8c34ba2cc61b73d1ac51) Importer(815301076,1909f56bfc062723c751e8b465ee728b)
Start importing Assets/Aquarius_Stylized_Trees/Demo using Guid(a564ef2d44fc8c34ba2cc61b73d1ac51) Importer(815301076,1909f56bfc062723c751e8b465ee728b)  -> (artifact id: 'cbc6747a1fa992c829efc9bde2881907') in 0.000458 seconds
Number of updated asset objects reloaded before import = 0
Number of asset objects unloaded after import = 0
========================================================================
Received Import Request.
  Time since last request: 1.096614 seconds.
  path: Assets/Aquarius_Stylized_Trees/Demo/Aquarius Max Character
  artifactKey: Guid(e9274ddb668aa8943ab26a24771d0fca) Importer(815301076,1909f56bfc062723c751e8b465ee728b)
Start importing Assets/Aquarius_Stylized_Trees/Demo/Aquarius Max Character using Guid(e9274ddb668aa8943ab26a24771d0fca) Importer(815301076,1909f56bfc062723c751e8b465ee728b)  -> (artifact id: 'bcbba781a6a14e9b1b1af511a88f86a0') in 0.000578 seconds
Number of updated asset objects reloaded before import = 0
Number of asset objects unloaded after import = 0
========================================================================
Received Import Request.
  Time since last request: 0.090346 seconds.
  path: Assets/Aquarius_Stylized_Trees/Demo/Aquarius Max Character/AQM_FPS_Character.prefab
  artifactKey: Guid(57a1bd413573ff94dbf9cbb717a17f2f) Importer(815301076,1909f56bfc062723c751e8b465ee728b)
Start importing Assets/Aquarius_Stylized_Trees/Demo/Aquarius Max Character/AQM_FPS_Character.prefab using Guid(57a1bd413573ff94dbf9cbb717a17f2f) Importer(815301076,1909f56bfc062723c751e8b465ee728b)  -> (artifact id: '0e820bb3e075195e904f835fd42d0cff') in 0.085420 seconds
Number of updated asset objects reloaded before import = 0
Number of asset objects unloaded after import = 12
========================================================================
Received Import Request.
  Time since last request: 2.507074 seconds.
  path: Assets/Aquarius_Stylized_Trees/Demo/Display Scene
  artifactKey: Guid(056e0226dbeaec243b459e2c0fdf0396) Importer(815301076,1909f56bfc062723c751e8b465ee728b)
Start importing Assets/Aquarius_Stylized_Trees/Demo/Display Scene using Guid(056e0226dbeaec243b459e2c0fdf0396) Importer(815301076,1909f56bfc062723c751e8b465ee728b)  -> (artifact id: '557b6d8575e85f4c6dd955393b647bf5') in 0.000519 seconds
Number of updated asset objects reloaded before import = 0
Number of asset objects unloaded after import = 0
========================================================================
Received Import Request.
  Time since last request: 0.079821 seconds.
  path: Assets/Aquarius_Stylized_Trees/Demo/Display Scene/LightingData.asset
  artifactKey: Guid(4219758b047008942bf9e6019481f18c) Importer(815301076,1909f56bfc062723c751e8b465ee728b)
Start importing Assets/Aquarius_Stylized_Trees/Demo/Display Scene/LightingData.asset using Guid(4219758b047008942bf9e6019481f18c) Importer(815301076,1909f56bfc062723c751e8b465ee728b)  -> (artifact id: 'a9de821024cda6731406294b77334132') in 0.001023 seconds
Number of updated asset objects reloaded before import = 0
Number of asset objects unloaded after import = 1
========================================================================
Received Import Request.
  Time since last request: 0.001548 seconds.
  path: Assets/Aquarius_Stylized_Trees/Demo/Display Scene/Lightmap-0_comp_light.exr
  artifactKey: Guid(b62a8d98308401d43b7437121c3922b5) Importer(815301076,1909f56bfc062723c751e8b465ee728b)
Start importing Assets/Aquarius_Stylized_Trees/Demo/Display Scene/Lightmap-0_comp_light.exr using Guid(b62a8d98308401d43b7437121c3922b5) Importer(815301076,1909f56bfc062723c751e8b465ee728b)  -> (artifact id: '42df584d322f28ffd9615a0fad9b7da7') in 0.106342 seconds
Number of updated asset objects reloaded before import = 0
Number of asset objects unloaded after import = 2
========================================================================
Received Import Request.
  Time since last request: 0.000056 seconds.
  path: Assets/Aquarius_Stylized_Trees/Demo/Display Scene/ReflectionProbe-0.exr
  artifactKey: Guid(c09e8076f5cda644294c0e9e60a08f2e) Importer(815301076,1909f56bfc062723c751e8b465ee728b)
Start importing Assets/Aquarius_Stylized_Trees/Demo/Display Scene/ReflectionProbe-0.exr using Guid(c09e8076f5cda644294c0e9e60a08f2e) Importer(815301076,1909f56bfc062723c751e8b465ee728b)  -> (artifact id: 'def5d524fdf71bff2f1ffdd07984e3c7') in 0.086024 seconds
Number of updated asset objects reloaded before import = 0
Number of asset objects unloaded after import = 1
========================================================================
Received Import Request.
  Time since last request: 9.569804 seconds.
  path: Assets/Aquarius_Stylized_Trees/Demo/V 1.25
  artifactKey: Guid(d4625a011b53817499cc47a9c32120ac) Importer(815301076,1909f56bfc062723c751e8b465ee728b)
Start importing Assets/Aquarius_Stylized_Trees/Demo/V 1.25 using Guid(d4625a011b53817499cc47a9c32120ac) Importer(815301076,1909f56bfc062723c751e8b465ee728b)  -> (artifact id: 'f3f39c455c808324e8791f0403214502') in 0.000683 seconds
Number of updated asset objects reloaded before import = 0
Number of asset objects unloaded after import = 0
========================================================================
Received Import Request.
  Time since last request: 0.073181 seconds.
  path: Assets/Aquarius_Stylized_Trees/Demo/V 1.25/Forest_Ter_1.asset
  artifactKey: Guid(a69d9d875b088b1458f75b41efb183ef) Importer(815301076,1909f56bfc062723c751e8b465ee728b)
Start importing Assets/Aquarius_Stylized_Trees/Demo/V 1.25/Forest_Ter_1.asset using Guid(a69d9d875b088b1458f75b41efb183ef) Importer(815301076,1909f56bfc062723c751e8b465ee728b)  -> (artifact id: '12421bda105f844d225055e647ede407') in 0.050792 seconds
Number of updated asset objects reloaded before import = 0
Number of asset objects unloaded after import = 3
========================================================================
Received Import Request.
  Time since last request: 0.000031 seconds.
  path: Assets/Aquarius_Stylized_Trees/Demo/V 1.25/ReflectionProbe-1.exr
  artifactKey: Guid(394e92b6fd5f507429edef04340392b7) Importer(815301076,1909f56bfc062723c751e8b465ee728b)
Start importing Assets/Aquarius_Stylized_Trees/Demo/V 1.25/ReflectionProbe-1.exr using Guid(394e92b6fd5f507429edef04340392b7) Importer(815301076,1909f56bfc062723c751e8b465ee728b)  -> (artifact id: 'a70a4278182586971083ab3ea1c357e7') in 0.052075 seconds
Number of updated asset objects reloaded before import = 0
Number of asset objects unloaded after import = 1
========================================================================
Received Import Request.
  Time since last request: 0.000037 seconds.
  path: Assets/Aquarius_Stylized_Trees/Demo/V 1.25/ReflectionProbe-0.exr
  artifactKey: Guid(316c87d49f0de3041af84a29296d1b05) Importer(815301076,1909f56bfc062723c751e8b465ee728b)
Start importing Assets/Aquarius_Stylized_Trees/Demo/V 1.25/ReflectionProbe-0.exr using Guid(316c87d49f0de3041af84a29296d1b05) Importer(815301076,1909f56bfc062723c751e8b465ee728b)  -> (artifact id: '63c8914b6ad8e504fe1ccd09fc036d74') in 0.027966 seconds
Number of updated asset objects reloaded before import = 0
Number of asset objects unloaded after import = 1
